[09/18/22 16:09:50] [ERROR] Discord terminated websocket connection; reason: Disallowed intent(s). (4014)
[09/18/22 16:09:50] [ERROR] Can't write to Discord websocket gateway: A operação de E/S foi anulada devido a uma saída de thread ou a uma requisição de aplicativo (995)
[09/18/22 16:10:10] [ERROR] Can't write to Discord websocket gateway: A operação de E/S foi anulada devido a uma saída de thread ou a uma requisição de aplicativo (995)
[09/18/22 16:10:10] [ERROR] Can't write to Discord websocket gateway: A operação de E/S foi anulada devido a uma saída de thread ou a uma requisição de aplicativo (995)
[09/18/22 16:14:42] [ERROR] Can't read from Discord websocket gateway: A conexão da rede foi anulada pelo sistema local (1236)
[09/18/22 16:14:42] [ERROR] Can't write to Discord websocket gateway: A operação de E/S foi anulada devido a uma saída de thread ou a uma requisição de aplicativo (995)
[09/18/22 16:14:42] [ERROR] Can't resolve Discord gateway URL 'gateway.discord.gg': Este host não é conhecido (11001)
[09/18/22 16:14:47] [ERROR] Can't resolve Discord gateway URL 'gateway.discord.gg': Este host não é conhecido (11001)
[09/18/22 17:06:26] [ERROR] Error while retrieving HTTP PATCH response from '/api/v8/guilds/1009591303274774658/members/718497909695315979': Uma tentativa de conexão falhou porque o componente conectado não respondeu
corretamente após um período de tempo ou a conexão estabelecida falhou
porque o host conectado não respondeu
[09/18/22 17:06:26] [WARNING] Error while shutting down SSL on HTTP connection: Foi forçado o cancelamento de uma conexão existente pelo host remoto (10054)
[09/18/22 17:14:49] [ERROR] Can't read from Discord websocket gateway: A conexão da rede foi anulada pelo sistema local (1236)
[09/18/22 17:14:49] [ERROR] Can't write to Discord websocket gateway: A operação de E/S foi anulada devido a uma saída de thread ou a uma requisição de aplicativo (995)
[09/18/22 17:14:49] [ERROR] Can't resolve Discord gateway URL 'gateway.discord.gg': Este host não é conhecido (11001)
[09/18/22 17:14:49] [ERROR] Can't write to Discord websocket gateway: A operação de E/S foi anulada devido a uma saída de thread ou a uma requisição de aplicativo (995)
[09/18/22 17:14:50] [ERROR] Can't write to Discord websocket gateway: A operação de E/S foi anulada devido a uma saída de thread ou a uma requisição de aplicativo (995)
[09/18/22 17:14:52] [ERROR] Can't write to Discord websocket gateway: A operação de E/S foi anulada devido a uma saída de thread ou a uma requisição de aplicativo (995)
[09/18/22 17:14:53] [ERROR] Can't write to Discord websocket gateway: A operação de E/S foi anulada devido a uma saída de thread ou a uma requisição de aplicativo (995)
[09/18/22 17:14:54] [ERROR] Can't write to Discord websocket gateway: A operação de E/S foi anulada devido a uma saída de thread ou a uma requisição de aplicativo (995)
[09/18/22 17:14:54] [ERROR] Can't resolve Discord gateway URL 'gateway.discord.gg': Este host não é conhecido (11001)
[09/18/22 17:14:55] [ERROR] Can't write to Discord websocket gateway: A operação de E/S foi anulada devido a uma saída de thread ou a uma requisição de aplicativo (995)
[09/18/22 17:14:56] [ERROR] Can't write to Discord websocket gateway: A operação de E/S foi anulada devido a uma saída de thread ou a uma requisição de aplicativo (995)
[09/18/22 17:14:57] [ERROR] Can't write to Discord websocket gateway: A operação de E/S foi anulada devido a uma saída de thread ou a uma requisição de aplicativo (995)
[09/18/22 17:14:58] [ERROR] Can't write to Discord websocket gateway: A operação de E/S foi anulada devido a uma saída de thread ou a uma requisição de aplicativo (995)
[09/18/22 17:14:59] [ERROR] Can't write to Discord websocket gateway: A operação de E/S foi anulada devido a uma saída de thread ou a uma requisição de aplicativo (995)
[09/18/22 17:15:00] [ERROR] Can't write to Discord websocket gateway: A operação de E/S foi anulada devido a uma saída de thread ou a uma requisição de aplicativo (995)
[09/18/22 17:15:01] [ERROR] Can't write to Discord websocket gateway: A operação de E/S foi anulada devido a uma saída de thread ou a uma requisição de aplicativo (995)
[09/18/22 17:15:02] [ERROR] Can't write to Discord websocket gateway: A operação de E/S foi anulada devido a uma saída de thread ou a uma requisição de aplicativo (995)
[09/18/22 17:15:04] [ERROR] Can't write to Discord websocket gateway: A operação de E/S foi anulada devido a uma saída de thread ou a uma requisição de aplicativo (995)
[09/18/22 18:14:55] [ERROR] Can't read from Discord websocket gateway: A conexão da rede foi anulada pelo sistema local (1236)
[09/18/22 18:14:55] [ERROR] Can't write to Discord websocket gateway: A operação de E/S foi anulada devido a uma saída de thread ou a uma requisição de aplicativo (995)
[09/18/22 18:14:55] [ERROR] Can't resolve Discord gateway URL 'gateway.discord.gg': Este host não é conhecido (11001)
[09/18/22 18:14:55] [ERROR] Can't write to Discord websocket gateway: A operação de E/S foi anulada devido a uma saída de thread ou a uma requisição de aplicativo (995)
[09/18/22 18:14:56] [ERROR] Can't write to Discord websocket gateway: A operação de E/S foi anulada devido a uma saída de thread ou a uma requisição de aplicativo (995)
[09/18/22 18:14:57] [ERROR] Can't write to Discord websocket gateway: A operação de E/S foi anulada devido a uma saída de thread ou a uma requisição de aplicativo (995)
[09/18/22 18:14:58] [ERROR] Can't write to Discord websocket gateway: A operação de E/S foi anulada devido a uma saída de thread ou a uma requisição de aplicativo (995)
[09/18/22 18:14:59] [ERROR] Can't write to Discord websocket gateway: A operação de E/S foi anulada devido a uma saída de thread ou a uma requisição de aplicativo (995)
[09/18/22 18:15:00] [ERROR] Can't resolve Discord gateway URL 'gateway.discord.gg': Este host não é conhecido (11001)
[09/18/22 18:15:00] [ERROR] Can't write to Discord websocket gateway: A operação de E/S foi anulada devido a uma saída de thread ou a uma requisição de aplicativo (995)
[09/18/22 18:15:01] [ERROR] Can't write to Discord websocket gateway: A operação de E/S foi anulada devido a uma saída de thread ou a uma requisição de aplicativo (995)
[09/18/22 18:15:03] [ERROR] Can't write to Discord websocket gateway: A operação de E/S foi anulada devido a uma saída de thread ou a uma requisição de aplicativo (995)
[09/18/22 18:15:04] [ERROR] Can't write to Discord websocket gateway: A operação de E/S foi anulada devido a uma saída de thread ou a uma requisição de aplicativo (995)
[09/18/22 18:15:05] [ERROR] Can't write to Discord websocket gateway: A operação de E/S foi anulada devido a uma saída de thread ou a uma requisição de aplicativo (995)
[09/18/22 18:15:06] [ERROR] Can't write to Discord websocket gateway: A operação de E/S foi anulada devido a uma saída de thread ou a uma requisição de aplicativo (995)
[09/18/22 18:15:07] [ERROR] Can't write to Discord websocket gateway: A operação de E/S foi anulada devido a uma saída de thread ou a uma requisição de aplicativo (995)
[09/18/22 18:15:08] [ERROR] Can't write to Discord websocket gateway: A operação de E/S foi anulada devido a uma saída de thread ou a uma requisição de aplicativo (995)
[09/18/22 18:15:09] [ERROR] Can't write to Discord websocket gateway: A operação de E/S foi anulada devido a uma saída de thread ou a uma requisição de aplicativo (995)
[09/18/22 18:15:10] [ERROR] Discord terminated websocket connection; reason: Not authenticated. (4003)
[09/18/22 18:15:10] [ERROR] Can't write to Discord websocket gateway: A operação de E/S foi anulada devido a uma saída de thread ou a uma requisição de aplicativo (995)
